<?xml version="1.0" encoding="UTF-8"?>
<testng-results ignored="0" total="1" passed="1" failed="0" skipped="0">
  <reporter-output>
  </reporter-output>
  <suite started-at="2022-09-30T11:20:04 IST" name="inetbanking" finished-at="2022-09-30T11:20:22 IST" duration-ms="18177">
    <groups>
    </groups>
    <test started-at="2022-09-30T11:20:04 IST" name="BankingApp Test" finished-at="2022-09-30T11:20:22 IST" duration-ms="18177">
      <class name="com.inetbanking.testCases.TC_LoginTest_001">
        <test-method is-config="true" signature="setup(java.lang.String)[pri:0, instance:com.inetbanking.testCases.TC_LoginTest_001@2d52216b]" started-at="2022-09-30T11:20:04 IST" name="setup" finished-at="2022-09-30T11:20:15 IST" duration-ms="10986" status="PASS">
          <params>
            <param index="0">
              <value>
                <![CDATA[edge]]>
              </value>
            </param>
          </params>
          <reporter-output>
          </reporter-output>
        </test-method> <!-- setup -->
        <test-method signature="loginTest()[pri:0, instance:com.inetbanking.testCases.TC_LoginTest_001@2d52216b]" started-at="2022-09-30T11:20:15 IST" name="loginTest" finished-at="2022-09-30T11:20:22 IST" duration-ms="6349" status="PASS">
          <reporter-output>
          </reporter-output>
        </test-method> <!-- loginTest -->
        <test-method is-config="true" signature="tearDown()[pri:0, instance:com.inetbanking.testCases.TC_LoginTest_001@2d52216b]" started-at="2022-09-30T11:20:22 IST" name="tearDown" finished-at="2022-09-30T11:20:22 IST" duration-ms="458" status="PASS">
          <reporter-output>
          </reporter-output>
        </test-method> <!-- tearDown -->
      </class> <!-- com.inetbanking.testCases.TC_LoginTest_001 -->
    </test> <!-- BankingApp Test -->
  </suite> <!-- inetbanking -->
</testng-results>
